#
# There is insufficient memory for the Java Runtime Environment to continue.
# Native memory allocation (malloc) failed to allocate 1510336 bytes for Chunk::new
# Possible reasons:
#   The system is out of physical RAM or swap space
#   In 32 bit mode, the process size limit was hit
# Possible solutions:
#   Reduce memory load on the system
#   Increase physical memory or swap space
#   Check if swap backing store is full
#   Use 64 bit Java on a 64 bit OS
#   Decrease Java heap size (-Xmx/-Xms)
#   Decrease number of Java threads
#   Decrease Java thread stack sizes (-Xss)
#   Set larger code cache with -XX:ReservedCodeCacheSize=
# This output file may be truncated or incomplete.
#
#  Out of Memory Error (allocation.cpp:390), pid=11052, tid=0x0000000000002b98
#
# JRE version: Java(TM) SE Runtime Environment (8.0_151-b12) (build 1.8.0_151-b12)
# Java VM: Java HotSpot(TM) 64-Bit Server VM (25.151-b12 mixed mode windows-amd64 compressed oops)
# Failed to write core dump. Minidumps are not enabled by default on client versions of Windows
#

---------------  T H R E A D  ---------------

Current thread (0x00000000187af800):  JavaThread "C2 CompilerThread1" daemon [_thread_in_native, id=11160, stack(0x0000000018f90000,0x0000000019090000)]

Stack: [0x0000000018f90000,0x0000000019090000]
[error occurred during error reporting (printing stack bounds), id 0xc0000005]

Native frames: (J=compiled Java code, j=interpreted, Vv=VM code, C=native code)


Current CompileTask:
C2:   8755 3935   !   4       org.apache.catalina.startup.ContextConfig::populateJavaClassCache (159 bytes)


---------------  P R O C E S S  ---------------

Java Threads: ( => current thread )
  0x000000001bb57000 JavaThread "Thread-2" daemon [_thread_in_native, id=11108, stack(0x0000000023100000,0x0000000023200000)]
  0x000000001bbe4800 JavaThread "localhost-startStop-1" daemon [_thread_blocked, id=10584, stack(0x0000000019640000,0x0000000019740000)]
  0x000000001a74c800 JavaThread "Tomcat-startStop-1" daemon [_thread_blocked, id=10848, stack(0x000000001cd20000,0x000000001ce20000)]
  0x000000001881c000 JavaThread "Service Thread" daemon [_thread_blocked, id=11244, stack(0x0000000019460000,0x0000000019560000)]
  0x00000000187b9000 JavaThread "C1 CompilerThread2" daemon [_thread_blocked, id=3516, stack(0x00000000191f0000,0x00000000192f0000)]
=>0x00000000187af800 JavaThread "C2 CompilerThread1" daemon [_thread_in_native, id=11160, stack(0x0000000018f90000,0x0000000019090000)]
  0x000000001879c800 JavaThread "C2 CompilerThread0" daemon [_thread_in_native, id=11116, stack(0x0000000018210000,0x0000000018310000)]
  0x000000001879b000 JavaThread "Monitor Ctrl-Break" daemon [_thread_in_native, id=9968, stack(0x0000000018e70000,0x0000000018f70000)]
  0x0000000018760800 JavaThread "Attach Listener" daemon [_thread_blocked, id=10468, stack(0x0000000018cf0000,0x0000000018df0000)]
  0x0000000017348000 JavaThread "Signal Dispatcher" daemon [_thread_blocked, id=9620, stack(0x0000000018b80000,0x0000000018c80000)]
  0x000000001732b000 JavaThread "Finalizer" daemon [_thread_blocked, id=10388, stack(0x0000000018650000,0x0000000018750000)]
  0x00000000172e4000 JavaThread "Reference Handler" daemon [_thread_blocked, id=9956, stack(0x00000000184b0000,0x00000000185b0000)]
  0x00000000020c8800 JavaThread "main" [_thread_blocked, id=11196, stack(0x00000000023a0000,0x00000000024a0000)]

Other Threads:
  0x00000000172dc800 VMThread [stack: 0x0000000018310000,0x0000000018410000] [id=9284]
  0x000000001884c000 WatcherThread [stack: 0x0000000019320000,0x0000000019420000] [id=7532]

VM state:at safepoint (normal execution)

VM Mutex/Monitor currently owned by a thread:  ([mutex/lock_event])
[0x00000000021ee410] Threads_lock - owner thread: 0x00000000172dc800
[0x00000000021ee910] Heap_lock - owner thread: 0x00000000187b9000
[0x00000000021eee90] MethodData_lock - owner thread: 0x00000000187b9000

Heap:
 PSYoungGen      total 205312K, used 8939K [0x00000000d6e00000, 0x00000000e6980000, 0x0000000100000000)
  eden space 188928K, 0% used [0x00000000d6e00000,0x00000000d6e00000,0x00000000e2680000)
  from space 16384K, 54% used [0x00000000e3c80000,0x00000000e453ae08,0x00000000e4c80000)
  to   space 22528K, 0% used [0x00000000e2680000,0x00000000e2680000,0x00000000e3c80000)
 ParOldGen       total 62976K, used 42217K [0x0000000084a00000, 0x0000000088780000, 0x00000000d6e00000)
  object space 62976K, 67% used [0x0000000084a00000,0x000000008733a7c8,0x0000000088780000)
 Metaspace       used 28263K, capacity 28822K, committed 28928K, reserved 1079296K
  class space    used 3345K, capacity 3519K, committed 3584K, reserved 1048576K

Card table byte_map: [0x0000000011a40000,0x0000000011e20000] byte_map_base: 0x000000001161b000

Marking Bits: (ParMarkBitMap*) 0x00000000522ed850
 Begin Bits: [0x00000000127c0000, 0x0000000014698000)
 End Bits:   [0x0000000014698000, 0x0000000016570000)

Polling page: 0x0000000000120000

CodeCache: size=245760Kb used=12012Kb max_used=14161Kb free=233747Kb
 bounds [0x0000000002680000, 0x0000000003470000, 0x0000000011680000]
 total_blobs=4038 nmethods=3621 adapters=329
 compilation: enabled

Compilation events (10 events):
Event: 8.612 Thread 0x00000000187b9000 nmethod 4208 0x0000000002c71a50 code [0x0000000002c71cc0, 0x0000000002c725e8]
Event: 8.613 Thread 0x00000000187b9000 4209       2       com.sun.org.apache.xerces.internal.impl.xs.opti.DefaultNode::<init> (5 bytes)
Event: 8.613 Thread 0x00000000187b9000 nmethod 4209 0x0000000002caf9d0 code [0x0000000002cafb20, 0x0000000002cafc70]
Event: 8.613 Thread 0x00000000187b9000 4210       2       com.sun.org.apache.xerces.internal.impl.xs.opti.SchemaDOMParser::characters (110 bytes)
Event: 8.614 Thread 0x00000000187b9000 nmethod 4210 0x0000000002a9b110 code [0x0000000002a9b2c0, 0x0000000002a9b768]
Event: 8.617 Thread 0x00000000187b9000 4212       2       com.sun.org.apache.xerces.internal.impl.xs.opti.SchemaDOM::processAttValue (68 bytes)
Event: 8.617 Thread 0x00000000187b9000 nmethod 4212 0x0000000002ef87d0 code [0x0000000002ef8960, 0x0000000002ef8c78]
Event: 8.618 Thread 0x00000000187b9000 4213       2       com.sun.org.apache.xerces.internal.impl.xs.opti.NodeImpl::<init> (5 bytes)
Event: 8.618 Thread 0x00000000187b9000 nmethod 4213 0x0000000002d72e10 code [0x0000000002d72f60, 0x0000000002d730b0]
Event: 8.618 Thread 0x00000000187b9000 4214       2       com.sun.org.apache.xerces.internal.impl.XMLNSDocumentScannerImpl::scanStartElement (1026 bytes)

GC Heap History (10 events):
Event: 4.202 GC heap after
Heap after GC invocations=7 (full 1):
 PSYoungGen      total 136704K, used 0K [0x00000000d6e00000, 0x00000000dfe00000, 0x0000000100000000)
  eden space 126976K, 0% used [0x00000000d6e00000,0x00000000d6e00000,0x00000000dea00000)
  from space 9728K, 0% used [0x00000000df480000,0x00000000df480000,0x00000000dfe00000)
  to   space 10240K, 0% used [0x00000000dea00000,0x00000000dea00000,0x00000000df400000)
 ParOldGen       total 62976K, used 11631K [0x0000000084a00000, 0x0000000088780000, 0x00000000d6e00000)
  object space 62976K, 18% used [0x0000000084a00000,0x000000008555bcd8,0x0000000088780000)
 Metaspace       used 20737K, capacity 21120K, committed 21296K, reserved 1069056K
  class space    used 2471K, capacity 2616K, committed 2688K, reserved 1048576K
}
Event: 5.300 GC heap before
{Heap before GC invocations=8 (full 1):
 PSYoungGen      total 136704K, used 126976K [0x00000000d6e00000, 0x00000000dfe00000, 0x0000000100000000)
  eden space 126976K, 100% used [0x00000000d6e00000,0x00000000dea00000,0x00000000dea00000)
  from space 9728K, 0% used [0x00000000df480000,0x00000000df480000,0x00000000dfe00000)
  to   space 10240K, 0% used [0x00000000dea00000,0x00000000dea00000,0x00000000df400000)
 ParOldGen       total 62976K, used 11631K [0x0000000084a00000, 0x0000000088780000, 0x00000000d6e00000)
  object space 62976K, 18% used [0x0000000084a00000,0x000000008555bcd8,0x0000000088780000)
 Metaspace       used 23621K, capacity 24036K, committed 24192K, reserved 1071104K
  class space    used 2779K, capacity 2927K, committed 2944K, reserved 1048576K
Event: 5.317 GC heap after
Heap after GC invocations=8 (full 1):
 PSYoungGen      total 137216K, used 10221K [0x00000000d6e00000, 0x00000000e4c80000, 0x0000000100000000)
  eden space 126976K, 0% used [0x00000000d6e00000,0x00000000d6e00000,0x00000000dea00000)
  from space 10240K, 99% used [0x00000000dea00000,0x00000000df3fb640,0x00000000df400000)
  to   space 16384K, 0% used [0x00000000e3c80000,0x00000000e3c80000,0x00000000e4c80000)
 ParOldGen       total 62976K, used 21401K [0x0000000084a00000, 0x0000000088780000, 0x00000000d6e00000)
  object space 62976K, 33% used [0x0000000084a00000,0x0000000085ee6590,0x0000000088780000)
 Metaspace       used 23621K, capacity 24036K, committed 24192K, reserved 1071104K
  class space    used 2779K, capacity 2927K, committed 2944K, reserved 1048576K
}
Event: 5.887 GC heap before
{Heap before GC invocations=9 (full 1):
 PSYoungGen      total 137216K, used 137197K [0x00000000d6e00000, 0x00000000e4c80000, 0x0000000100000000)
  eden space 126976K, 100% used [0x00000000d6e00000,0x00000000dea00000,0x00000000dea00000)
  from space 10240K, 99% used [0x00000000dea00000,0x00000000df3fb640,0x00000000df400000)
  to   space 16384K, 0% used [0x00000000e3c80000,0x00000000e3c80000,0x00000000e4c80000)
 ParOldGen       total 62976K, used 21401K [0x0000000084a00000, 0x0000000088780000, 0x00000000d6e00000)
  object space 62976K, 33% used [0x0000000084a00000,0x0000000085ee6590,0x0000000088780000)
 Metaspace       used 23624K, capacity 24100K, committed 24192K, reserved 1071104K
  class space    used 2779K, capacity 2927K, committed 2944K, reserved 1048576K
Event: 5.932 GC heap after
Heap after GC invocations=9 (full 1):
 PSYoungGen      total 205312K, used 16380K [0x00000000d6e00000, 0x00000000e6980000, 0x0000000100000000)
  eden space 188928K, 0% used [0x00000000d6e00000,0x00000000d6e00000,0x00000000e2680000)
  from space 16384K, 99% used [0x00000000e3c80000,0x00000000e4c7f0c0,0x00000000e4c80000)
  to   space 22528K, 0% used [0x00000000e2680000,0x00000000e2680000,0x00000000e3c80000)
 ParOldGen       total 62976K, used 30287K [0x0000000084a00000, 0x0000000088780000, 0x00000000d6e00000)
  object space 62976K, 48% used [0x0000000084a00000,0x0000000086793fc0,0x0000000088780000)
 Metaspace       used 23624K, capacity 24100K, committed 24192K, reserved 1071104K
  class space    used 2779K, capacity 2927K, committed 2944K, reserved 1048576K
}
Event: 6.870 GC heap before
{Heap before GC invocations=10 (full 1):
 PSYoungGen      total 205312K, used 205308K [0x00000000d6e00000, 0x00000000e6980000, 0x0000000100000000)
  eden space 188928K, 100% used [0x00000000d6e00000,0x00000000e2680000,0x00000000e2680000)
  from space 16384K, 99% used [0x00000000e3c80000,0x00000000e4c7f0c0,0x00000000e4c80000)
  to   space 22528K, 0% used [0x00000000e2680000,0x00000000e2680000,0x00000000e3c80000)
 ParOldGen       total 62976K, used 30287K [0x0000000084a00000, 0x0000000088780000, 0x00000000d6e00000)
  object space 62976K, 48% used [0x0000000084a00000,0x0000000086793fc0,0x0000000088780000)
 Metaspace       used 24115K, capacity 24630K, committed 24832K, reserved 1071104K
  class space    used 2843K, capacity 2997K, committed 3072K, reserved 1048576K
Event: 7.989 GC heap after
Heap after GC invocations=10 (full 1):
 PSYoungGen      total 211456K, used 22496K [0x00000000d6e00000, 0x00000000e6980000, 0x0000000100000000)
  eden space 188928K, 0% used [0x00000000d6e00000,0x00000000d6e00000,0x00000000e2680000)
  from space 22528K, 99% used [0x00000000e2680000,0x00000000e3c78338,0x00000000e3c80000)
  to   space 16384K, 0% used [0x00000000e3c80000,0x00000000e3c80000,0x00000000e4c80000)
 ParOldGen       total 62976K, used 38883K [0x0000000084a00000, 0x0000000088780000, 0x00000000d6e00000)
  object space 62976K, 61% used [0x0000000084a00000,0x0000000086ff8fc8,0x0000000088780000)
 Metaspace       used 24115K, capacity 24630K, committed 24832K, reserved 1071104K
  class space    used 2843K, capacity 2997K, committed 3072K, reserved 1048576K
}
Event: 8.619 GC heap before
{Heap before GC invocations=11 (full 1):
 PSYoungGen      total 211456K, used 53279K [0x00000000d6e00000, 0x00000000e6980000, 0x0000000100000000)
  eden space 188928K, 16% used [0x00000000d6e00000,0x00000000d8c0fab0,0x00000000e2680000)
  from space 22528K, 99% used [0x00000000e2680000,0x00000000e3c78338,0x00000000e3c80000)
  to   space 16384K, 0% used [0x00000000e3c80000,0x00000000e3c80000,0x00000000e4c80000)
 ParOldGen       total 62976K, used 38883K [0x0000000084a00000, 0x0000000088780000, 0x00000000d6e00000)
  object space 62976K, 61% used [0x0000000084a00000,0x0000000086ff8fc8,0x0000000088780000)
 Metaspace       used 28263K, capacity 28822K, committed 28928K, reserved 1079296K
  class space    used 3345K, capacity 3519K, committed 3584K, reserved 1048576K
Event: 8.682 GC heap after
Heap after GC invocations=11 (full 1):
 PSYoungGen      total 205312K, used 8939K [0x00000000d6e00000, 0x00000000e6980000, 0x0000000100000000)
  eden space 188928K, 0% used [0x00000000d6e00000,0x00000000d6e00000,0x00000000e2680000)
  from space 16384K, 54% used [0x00000000e3c80000,0x00000000e453ae08,0x00000000e4c80000)
  to   space 22528K, 0% used [0x00000000e2680000,0x00000000e2680000,0x00000000e3c80000)
 ParOldGen       total 62976K, used 42217K [0x0000000084a00000, 0x0000000088780000, 0x00000000d6e00000)
  object space 62976K, 67% used [0x0000000084a00000,0x000000008733a7c8,0x0000000088780000)
 Metaspace       used 28263K, capacity 28822K, committed 28928K, reserved 1079296K
  class space    used 3345K, capacity 3519K, committed 3584K, reserved 1048576K
}
Event: 8.682 GC heap before
{Heap before GC invocations=12 (full 2):
 PSYoungGen      total 205312K, used 8939K [0x00000000d6e00000, 0x00000000e6980000, 0x0000000100000000)
  eden space 188928K, 0% used [0x00000000d6e00000,0x00000000d6e00000,0x00000000e2680000)
  from space 16384K, 54% used [0x00000000e3c80000,0x00000000e453ae08,0x00000000e4c80000)
  to   space 22528K, 0% used [0x00000000e2680000,0x00000000e2680000,0x00000000e3c80000)
 ParOldGen       total 62976K, used 42217K [0x0000000084a00000, 0x0000000088780000, 0x00000000d6e00000)
  object space 62976K, 67% used [0x0000000084a00000,0x000000008733a7c8,0x0000000088780000)
 Metaspace       used 28263K, capacity 28822K, committed 28928K, reserved 1079296K
  class space    used 3345K, capacity 3519K, committed 3584K, reserved 1048576K

Deoptimization events (10 events):
Event: 5.318 Thread 0x000000001732b000 Uncommon trap: reason=bimorphic action=maybe_recompile pc=0x000000000319946c method=java.util.WeakHashMap.eq(Ljava/lang/Object;Ljava/lang/Object;)Z @ 7
Event: 5.319 Thread 0x000000001732b000 Uncommon trap: reason=bimorphic action=maybe_recompile pc=0x000000000319946c method=java.util.WeakHashMap.eq(Ljava/lang/Object;Ljava/lang/Object;)Z @ 7
Event: 7.992 Thread 0x000000001bbe4800 Uncommon trap: reason=unstable_if action=reinterpret pc=0x000000000334ec34 method=org.apache.tomcat.util.file.Matcher.isAbsolutePath(Ljava/lang/String;)Z @ 6
Event: 8.020 Thread 0x000000001bbe4800 Uncommon trap: reason=unstable_if action=reinterpret pc=0x00000000032fb6c8 method=com.sun.org.apache.xerces.internal.impl.XMLEntityScanner.scanContent(Lcom/sun/org/apache/xerces/internal/xni/XMLString;)I @ 418
Event: 8.251 Thread 0x000000001bbe4800 Uncommon trap: reason=predicate action=maybe_recompile pc=0x00000000033c3cc4 method=java.lang.String.regionMatches(ZILjava/lang/String;II)Z @ 63
Event: 8.579 Thread 0x000000001bbe4800 Uncommon trap: reason=class_check action=maybe_recompile pc=0x00000000033721dc method=com.sun.org.apache.xerces.internal.impl.XMLDocumentFragmentScannerImpl$FragmentContentDriver.next()I @ 2223
Event: 8.580 Thread 0x000000001bbe4800 Uncommon trap: reason=unstable_if action=reinterpret pc=0x000000000321186c method=com.sun.org.apache.xerces.internal.impl.XMLEntityScanner.scanLiteral(ILcom/sun/org/apache/xerces/internal/xni/XMLString;Z)I @ 660
Event: 8.597 Thread 0x000000001bbe4800 Uncommon trap: reason=class_check action=maybe_recompile pc=0x00000000033721dc method=com.sun.org.apache.xerces.internal.impl.XMLDocumentFragmentScannerImpl$FragmentContentDriver.next()I @ 2223
Event: 8.597 Thread 0x000000001bbe4800 Uncommon trap: reason=class_check action=maybe_recompile pc=0x00000000033721ec method=com.sun.org.apache.xerces.internal.impl.XMLDocumentFragmentScannerImpl$FragmentContentDriver.next()I @ 439
Event: 8.597 Thread 0x000000001bbe4800 Uncommon trap: reason=class_check action=maybe_recompile pc=0x00000000033721ec method=com.sun.org.apache.xerces.internal.impl.XMLDocumentFragmentScannerImpl$FragmentContentDriver.next()I @ 439

Internal exceptions (10 events):
Event: 2.096 Thread 0x00000000020c8800 Implicit null exception at 0x0000000002cf2cd9 to 0x0000000002cf3e31
Event: 3.681 Thread 0x00000000020c8800 Exception <a 'java/io/FileNotFoundException'> (0x00000000d7028878) thrown at [C:\re\workspace\8-2-build-windows-amd64-cygwin\jdk8u151\9699\hotspot\src\share\vm\prims\jni.cpp, line 709]
Event: 4.574 Thread 0x000000001bbe4800 Implicit null exception at 0x000000000297fe16 to 0x00000000029801b1
Event: 4.574 Thread 0x000000001bbe4800 Implicit null exception at 0x0000000002896217 to 0x0000000002896621
Event: 5.318 Thread 0x000000001732b000 Implicit null exception at 0x00000000031b0917 to 0x00000000031b1485
Event: 8.226 Thread 0x000000001bbe4800 Exception <a 'java/lang/NoSuchFieldError': method resolution failed> (0x00000000d7a51758) thrown at [C:\re\workspace\8-2-build-windows-amd64-cygwin\jdk8u151\9699\hotspot\src\share\vm\prims\methodHandles.cpp, line 1146]
Event: 8.231 Thread 0x000000001bbe4800 Exception <a 'java/lang/NoSuchFieldError': method resolution failed> (0x00000000d7a5f6b8) thrown at [C:\re\workspace\8-2-build-windows-amd64-cygwin\jdk8u151\9699\hotspot\src\share\vm\prims\methodHandles.cpp, line 1146]
Event: 8.312 Thread 0x000000001bbe4800 Exception <a 'java/lang/ClassCastException': org.apache.commons.logging.impl.SLF4JLogFactory cannot be cast to org.apache.commons.logging.LogFactory> (0x00000000d7cc8d68) thrown at [C:\re\workspace\8-2-build-windows-amd64-cygwin\jdk8u151\9699\hotspot\src\
Event: 8.319 Thread 0x000000001bbe4800 Exception <a 'java/lang/NoClassDefFoundError': org/apache/log4j/Priority> (0x00000000d7d050d0) thrown at [C:\re\workspace\8-2-build-windows-amd64-cygwin\jdk8u151\9699\hotspot\src\share\vm\classfile\systemDictionary.cpp, line 199]
Event: 8.432 Thread 0x000000001bbe4800 Exception <a 'java/io/FileNotFoundException'> (0x00000000d8373e10) thrown at [C:\re\workspace\8-2-build-windows-amd64-cygwin\jdk8u151\9699\hotspot\src\share\vm\prims\jni.cpp, line 709]

Events (10 events):
Event: 8.597 Thread 0x000000001bbe4800 DEOPT UNPACKING pc=0x00000000026c582a sp=0x000000001973d990 mode 2
Event: 8.597 loading class com/sun/org/apache/xerces/internal/util/NamespaceSupport$Prefixes
Event: 8.597 loading class com/sun/org/apache/xerces/internal/util/NamespaceSupport$Prefixes done
Event: 8.609 Thread 0x000000001bbe4800 DEOPT PACKING pc=0x0000000003319e3d sp=0x000000001973d5c0
Event: 8.609 Thread 0x000000001bbe4800 DEOPT UNPACKING pc=0x00000000026c787f sp=0x000000001973d388 mode 0
Event: 8.613 Thread 0x000000001bbe4800 DEOPT PACKING pc=0x0000000003319e3d sp=0x000000001973d550
Event: 8.613 Thread 0x000000001bbe4800 DEOPT UNPACKING pc=0x00000000026c787f sp=0x000000001973d318 mode 0
Event: 8.615 Thread 0x000000001bbe4800 DEOPT PACKING pc=0x0000000003319e3d sp=0x000000001973d680
Event: 8.615 Thread 0x000000001bbe4800 DEOPT UNPACKING pc=0x00000000026c787f sp=0x000000001973d448 mode 0
Event: 8.619 Executing VM operation: CollectForMetadataAllocation


Dynamic libraries:
0x000000013f3e0000 - 0x000000013f417000 	C:\Program Files\Java\jdk1.8.0_151\bin\java.exe
0x0000000077a10000 - 0x0000000077baf000 	C:\Windows\SYSTEM32\ntdll.dll
0x00000000777f0000 - 0x000000007790f000 	C:\Windows\system32\kernel32.dll
0x000007fefd5a0000 - 0x000007fefd607000 	C:\Windows\system32\KERNELBASE.dll
0x000007fefe220000 - 0x000007fefe2fb000 	C:\Windows\system32\ADVAPI32.dll
0x000007fefe3f0000 - 0x000007fefe48f000 	C:\Windows\system32\msvcrt.dll
0x000007fefdf00000 - 0x000007fefdf1f000 	C:\Windows\SYSTEM32\sechost.dll
0x000007fefdbd0000 - 0x000007fefdcfc000 	C:\Windows\system32\RPCRT4.dll
0x0000000077910000 - 0x0000000077a0b000 	C:\Windows\system32\USER32.dll
0x000007fefdb60000 - 0x000007fefdbc7000 	C:\Windows\system32\GDI32.dll
0x000007fefe490000 - 0x000007fefe49e000 	C:\Windows\system32\LPK.dll
0x000007fefe320000 - 0x000007fefe3eb000 	C:\Windows\system32\USP10.dll
0x000007fefc720000 - 0x000007fefc915000 	C:\Windows\WinSxS\amd64_microsoft.windows.common-controls_6595b64144ccf1df_6.0.7601.24483_none_e372d88f30fbb845\COMCTL32.dll
0x000007fefd920000 - 0x000007fefd991000 	C:\Windows\system32\SHLWAPI.dll
0x000007fefd9a0000 - 0x000007fefd9ce000 	C:\Windows\system32\IMM32.DLL
0x000007fefe010000 - 0x000007fefe11b000 	C:\Windows\system32\MSCTF.dll
0x000000005c930000 - 0x000000005ca02000 	C:\Program Files\Java\jdk1.8.0_151\jre\bin\msvcr100.dll
0x0000000051ad0000 - 0x000000005236d000 	C:\Program Files\Java\jdk1.8.0_151\jre\bin\server\jvm.dll
0x000007fef1a30000 - 0x000007fef1a39000 	C:\Windows\system32\WSOCK32.dll
0x000007fefec20000 - 0x000007fefec6d000 	C:\Windows\system32\WS2_32.dll
0x000007fefe000000 - 0x000007fefe008000 	C:\Windows\system32\NSI.dll
0x000007fefb500000 - 0x000007fefb53b000 	C:\Windows\system32\WINMM.dll
0x000007fefc440000 - 0x000007fefc44c000 	C:\Windows\system32\VERSION.dll
0x0000000077bb0000 - 0x0000000077bb7000 	C:\Windows\system32\PSAPI.DLL
0x0000000063110000 - 0x000000006311f000 	C:\Program Files\Java\jdk1.8.0_151\jre\bin\verify.dll
0x000000005e4e0000 - 0x000000005e509000 	C:\Program Files\Java\jdk1.8.0_151\jre\bin\java.dll
0x000000005e060000 - 0x000000005e083000 	C:\Program Files\Java\jdk1.8.0_151\jre\bin\instrument.dll
0x00000000601b0000 - 0x00000000601c6000 	C:\Program Files\Java\jdk1.8.0_151\jre\bin\zip.dll
0x000007fefeed0000 - 0x000007feffc5b000 	C:\Windows\system32\SHELL32.dll
0x000007fefdd00000 - 0x000007fefdeff000 	C:\Windows\system32\ole32.dll
0x000007fefd570000 - 0x000007fefd57f000 	C:\Windows\system32\profapi.dll
0x000007fedfff0000 - 0x000007fee000a000 	D:\IntelliJ IDEA 2017.2.1\bin\breakgen64.dll
0x000000005de30000 - 0x000000005de4a000 	C:\Program Files\Java\jdk1.8.0_151\jre\bin\net.dll
0x000007fefcce0000 - 0x000007fefcd35000 	C:\Windows\system32\mswsock.dll
0x000007fefccd0000 - 0x000007fefccd7000 	C:\Windows\System32\wship6.dll
0x000000005c760000 - 0x000000005c771000 	C:\Program Files\Java\jdk1.8.0_151\jre\bin\nio.dll
0x000007fefcd40000 - 0x000007fefcd58000 	C:\Windows\system32\CRYPTSP.dll
0x000007fefca40000 - 0x000007fefca87000 	C:\Windows\system32\rsaenh.dll
0x000007fefd580000 - 0x000007fefd59f000 	C:\Windows\system32\USERENV.dll
0x000007fefd400000 - 0x000007fefd40f000 	C:\Windows\system32\CRYPTBASE.dll
0x000007fefb100000 - 0x000007fefb127000 	C:\Windows\system32\IPHLPAPI.DLL
0x000007fefb0f0000 - 0x000007fefb0fb000 	C:\Windows\system32\WINNSI.DLL
0x000007fefaf00000 - 0x000007fefaf18000 	C:\Windows\system32\dhcpcsvc.DLL
0x000007fefaee0000 - 0x000007fefaef1000 	C:\Windows\system32\dhcpcsvc6.DLL
0x00000000614a0000 - 0x00000000614ad000 	C:\Program Files\Java\jdk1.8.0_151\jre\bin\management.dll

VM Arguments:
jvm_args: -Dmaven.multiModuleProjectDirectory=D:\user\user-web -Dmaven.home=D:\maven\maven_local\apache-maven-3.3.9 -Dclassworlds.conf=D:\maven\maven_local\apache-maven-3.3.9\bin\m2.conf -javaagent:D:\IntelliJ IDEA 2017.2.1\lib\idea_rt.jar=1921:D:\IntelliJ IDEA 2017.2.1\bin -Dfile.encoding=UTF-8 
java_command: org.codehaus.classworlds.Launcher -Didea.version=2017.2.1 -s E:\代课\2020-2021学年\第一学期\柳州城市职业学院\企业级项目开发2\settings.xml -Dmaven.repo.local=D:\maven\bos_repository org.apache.tomcat.maven:tomcat7-maven-plugin:2.2:run
java_class_path (initial): D:\maven\maven_local\apache-maven-3.3.9\boot\plexus-classworlds-2.5.2.jar;D:\IntelliJ IDEA 2017.2.1\lib\idea_rt.jar
Launcher Type: SUN_STANDARD

Environment Variables:
JAVA_HOME=C:\Program Files\Java\jdk1.8.0_151
CLASSPATH=.;C:\Program Files\Java\jdk1.8.0_151\lib;C:\Program Files\Java\jdk1.8.0_151\lib\tools.jar
PATH=e:\oracle\product\11.2.0\dbhome_1\bin;C:\Program Files\Java\jdk1.8.0_151\bin;c:\windows\system32;C:\Program Files (x86)\Microsoft SQL Server\100\Tools\Binn\;C:\Program Files\Microsoft SQL Server\100\Tools\Binn\;C:\Program Files\Microsoft SQL Server\100\DTS\Binn\;C:\Program Files (x86)\Microsoft SQL Server\100\Tools\Binn\VSShell\Common7\IDE\;C:\Program Files (x86)\Microsoft Visual Studio 9.0\Common7\IDE\PrivateAssemblies\;C:\Program Files (x86)\Microsoft SQL Server\100\DTS\Binn\;C:\Program Files\Microsoft SQL Server\120\Tools\Binn\;C:\Program Files (x86)\nodejs\;C:\Windows\system32\config\systemprofile\.dnx\bin;C:\Program Files\Microsoft DNX\Dnvm\;C:\Program Files\Microsoft SQL Server\130\Tools\Binn\;C:\Program Files (x86)\Windows Kits\10\Windows Performance Toolkit\;C:\Program Files\Microsoft SQL Server\110\DTS\Binn\;C:\Program Files (x86)\Microsoft SQL Server\110\Tools\Binn\;C:\Program Files\Microsoft SQL Server\110\Tools\Binn\;C:\Program Files (x86)\Microsoft SQL Server\110\Tools\Binn\ManagementStudio\;C:\Program Files (x86)\Microsoft Visual Studio 10.0\Common7\IDE\PrivateAssemblies\;C:\Program Files (x86)\Microsoft SQL Server\110\DTS\Binn\;D:\maven\maven_local\apache-maven-3.3.9\bin;C:\AppServ\MySQL\bin;
USERNAME=Administrator
OS=Windows_NT
PROCESSOR_IDENTIFIER=Intel64 Family 6 Model 58 Stepping 9, GenuineIntel



---------------  S Y S T E M  ---------------

OS: Windows 7 , 64 bit Build 7601 (6.1.7601.24545)

CPU:total 4 (initial active 4) (2 cores per cpu, 2 threads per core) family 6 model 58 stepping 9, cmov, cx8, fxsr, mmx, sse, sse2, sse3, ssse3, sse4.1, sse4.2, popcnt, avx, aes, clmul, erms, ht, tsc, tscinvbit, tscinv

Memory: 4k page, physical 8078232k(2257400k free), swap 8076332k(5244k free)

vm_info: Java HotSpot(TM) 64-Bit Server VM (25.151-b12) for windows-amd64 JRE (1.8.0_151-b12), built on Sep  5 2017 19:33:46 by "java_re" with MS VC++ 10.0 (VS2010)

time: Fri Sep 04 18:32:11 2020
elapsed time: 8 seconds (0d 0h 0m 8s)

